<?xml version="1.0" encoding="utf-8"?><testsuites><testsuite errors="0" failures="1" hostname="DESKTOP-N8A8A7H" name="pytest" skipped="0" tests="2" time="1.208" timestamp="2020-09-27T21:27:53.016716"><testcase classname="tests.test_posts" file="tests\test_posts.py" line="15" name="test_index_route" time="0.032"><system-out>--------------------------------- Captured Log ---------------------------------

--------------------------------- Captured Out ---------------------------------

</system-out><system-err>--------------------------------- Captured Err ---------------------------------

</system-err></testcase><testcase classname="tests.test_posts" file="tests\test_posts.py" line="27" name="test_add_post_route" time="0.009"><failure message="jinja2.exceptions.UndefinedError: &apos;None&apos; has no attribute &apos;post_id&apos;">client = &lt;FlaskClient &lt;Flask &apos;app&apos;&gt;&gt;

    def test_add_post_route(client):
        client.post(&apos;/add&apos;, data=dict(Title=&quot;Post 3&quot;, Author=&quot;Cosmina&quot;, Content=&quot;This is the third post&quot;))
&gt;       response = client.get(&apos;/view/5&apos;)

tests\test_posts.py:30: 
_ _ _ _ _ _ _ _ _ _ _ _ _ _ _ _ _ _ _ _ _ _ _ _ _ _ _ _ _ _ _ _ _ _ _ _ _ _ _ _
..\..\..\..\AppData\Local\Programs\Python\Python38-32\lib\site-packages\werkzeug\test.py:1006: in get
    return self.open(*args, **kw)
..\..\..\..\AppData\Local\Programs\Python\Python38-32\lib\site-packages\flask\testing.py:222: in open
    return Client.open(
..\..\..\..\AppData\Local\Programs\Python\Python38-32\lib\site-packages\werkzeug\test.py:970: in open
    response = self.run_wsgi_app(environ.copy(), buffered=buffered)
..\..\..\..\AppData\Local\Programs\Python\Python38-32\lib\site-packages\werkzeug\test.py:861: in run_wsgi_app
    rv = run_wsgi_app(self.application, environ, buffered=buffered)
..\..\..\..\AppData\Local\Programs\Python\Python38-32\lib\site-packages\werkzeug\test.py:1096: in run_wsgi_app
    app_rv = app(environ, start_response)
..\..\..\..\AppData\Local\Programs\Python\Python38-32\lib\site-packages\flask\app.py:2464: in __call__
    return self.wsgi_app(environ, start_response)
..\..\..\..\AppData\Local\Programs\Python\Python38-32\lib\site-packages\flask\app.py:2450: in wsgi_app
    response = self.handle_exception(e)
..\..\..\..\AppData\Local\Programs\Python\Python38-32\lib\site-packages\flask\app.py:1867: in handle_exception
    reraise(exc_type, exc_value, tb)
..\..\..\..\AppData\Local\Programs\Python\Python38-32\lib\site-packages\flask\_compat.py:39: in reraise
    raise value
..\..\..\..\AppData\Local\Programs\Python\Python38-32\lib\site-packages\flask\app.py:2447: in wsgi_app
    response = self.full_dispatch_request()
..\..\..\..\AppData\Local\Programs\Python\Python38-32\lib\site-packages\flask\app.py:1952: in full_dispatch_request
    rv = self.handle_user_exception(e)
..\..\..\..\AppData\Local\Programs\Python\Python38-32\lib\site-packages\flask\app.py:1821: in handle_user_exception
    reraise(exc_type, exc_value, tb)
..\..\..\..\AppData\Local\Programs\Python\Python38-32\lib\site-packages\flask\_compat.py:39: in reraise
    raise value
..\..\..\..\AppData\Local\Programs\Python\Python38-32\lib\site-packages\flask\app.py:1950: in full_dispatch_request
    rv = self.dispatch_request()
..\..\..\..\AppData\Local\Programs\Python\Python38-32\lib\site-packages\flask\app.py:1936: in dispatch_request
    return self.view_functions[rule.endpoint](**req.view_args)
views\posts.py:51: in post
    return render_template(&apos;view_post.html&apos;, post=post_to_view)
..\..\..\..\AppData\Local\Programs\Python\Python38-32\lib\site-packages\flask\templating.py:137: in render_template
    return _render(
..\..\..\..\AppData\Local\Programs\Python\Python38-32\lib\site-packages\flask\templating.py:120: in _render
    rv = template.render(context)
..\..\..\..\AppData\Local\Programs\Python\Python38-32\lib\site-packages\jinja2\environment.py:1090: in render
    self.environment.handle_exception()
..\..\..\..\AppData\Local\Programs\Python\Python38-32\lib\site-packages\jinja2\environment.py:832: in handle_exception
    reraise(*rewrite_traceback_stack(source=source))
..\..\..\..\AppData\Local\Programs\Python\Python38-32\lib\site-packages\jinja2\_compat.py:28: in reraise
    raise value.with_traceback(tb)
templates\view_post.html:1: in top-level template code
    {% extends &apos;base.html&apos; %}
templates\base.html:17: in top-level template code
    {% block body %}{% endblock %}
templates\view_post.html:16: in block &quot;body&quot;
    &lt;a href=&quot;{{ url_for(&apos;blog_blueprint.edit_post&apos;, post_id = post.post_id) }}&quot; class=&quot;button&quot;&gt;Edit&lt;/a&gt;
..\..\..\..\AppData\Local\Programs\Python\Python38-32\lib\site-packages\flask\helpers.py:357: in url_for
    rv = url_adapter.build(
..\..\..\..\AppData\Local\Programs\Python\Python38-32\lib\site-packages\werkzeug\routing.py:2177: in build
    rv = self._partial_build(endpoint, values, method, append_unknown)
..\..\..\..\AppData\Local\Programs\Python\Python38-32\lib\site-packages\werkzeug\routing.py:2054: in _partial_build
    rv = self._partial_build(
..\..\..\..\AppData\Local\Programs\Python\Python38-32\lib\site-packages\werkzeug\routing.py:2067: in _partial_build
    rv = rule.build(values, append_unknown)
..\..\..\..\AppData\Local\Programs\Python\Python38-32\lib\site-packages\werkzeug\routing.py:1038: in build
    return self._build_unknown(**values)
&lt;werkzeug routing&gt;:1: in &lt;builder:&apos;/edit/&lt;int:post_id&gt;&apos;&gt;
    ???
_ _ _ _ _ _ _ _ _ _ _ _ _ _ _ _ _ _ _ _ _ _ _ _ _ _ _ _ _ _ _ _ _ _ _ _ _ _ _ _

self = &lt;werkzeug.routing.IntegerConverter object at 0x03416FD0&gt;
value = Undefined

    def to_url(self, value):
&gt;       value = self.num_convert(value)
E       jinja2.exceptions.UndefinedError: &apos;None&apos; has no attribute &apos;post_id&apos;

..\..\..\..\AppData\Local\Programs\Python\Python38-32\lib\site-packages\werkzeug\routing.py:1257: UndefinedError</failure><system-out>--------------------------------- Captured Log ---------------------------------

--------------------------------- Captured Out ---------------------------------

</system-out><system-err>--------------------------------- Captured Err ---------------------------------

</system-err></testcase></testsuite></testsuites>