<?xml version="1.0" encoding="utf-8"?><testsuites><testsuite errors="0" failures="1" hostname="DESKTOP-N8A8A7H" name="pytest" skipped="0" tests="2" time="0.769" timestamp="2020-09-27T21:30:45.813244"><testcase classname="tests.test_posts" file="tests\test_posts.py" line="15" name="test_index_route" time="0.025"><system-out>--------------------------------- Captured Log ---------------------------------

--------------------------------- Captured Out ---------------------------------

</system-out><system-err>--------------------------------- Captured Err ---------------------------------

</system-err></testcase><testcase classname="tests.test_posts" file="tests\test_posts.py" line="27" name="test_add_post_route" time="0.004"><failure message="assert b&apos;Cosmina&apos; in b&apos;&lt;!DOCTYPE HTML PUBLIC &quot;-//W3C//DTD HTML 3.2 Final//EN&quot;&gt;\n&lt;title&gt;404 Not Found&lt;/title&gt;\n&lt;h1&gt;Not Found&lt;/h1&gt;\n&lt;p&gt;The requested URL was not found on the server. If you entered the URL manually please check your spelling and try again.&lt;/p&gt;\n&apos;
 +  where b&apos;&lt;!DOCTYPE HTML PUBLIC &quot;-//W3C//DTD HTML 3.2 Final//EN&quot;&gt;\n&lt;title&gt;404 Not Found&lt;/title&gt;\n&lt;h1&gt;Not Found&lt;/h1&gt;\n&lt;p&gt;The requested URL was not found on the server. If you entered the URL manually please check your spelling and try again.&lt;/p&gt;\n&apos; = &lt;Response 232 bytes [404 NOT FOUND]&gt;.data">client = &lt;FlaskClient &lt;Flask &apos;app&apos;&gt;&gt;

    def test_add_post_route(client):
        client.post(&apos;/add&apos;, data=dict(Title=&quot;Post 3&quot;, Author=&quot;Cosmina&quot;, Content=&quot;This is the third post&quot;))
        response = client.get(&apos;/view/&lt;3&gt;&apos;)
&gt;       assert b&apos;Cosmina&apos; in response.data
E       assert b&apos;Cosmina&apos; in b&apos;&lt;!DOCTYPE HTML PUBLIC &quot;-//W3C//DTD HTML 3.2 Final//EN&quot;&gt;\n&lt;title&gt;404 Not Found&lt;/title&gt;\n&lt;h1&gt;Not Found&lt;/h1&gt;\n&lt;p&gt;The requested URL was not found on the server. If you entered the URL manually please check your spelling and try again.&lt;/p&gt;\n&apos;
E        +  where b&apos;&lt;!DOCTYPE HTML PUBLIC &quot;-//W3C//DTD HTML 3.2 Final//EN&quot;&gt;\n&lt;title&gt;404 Not Found&lt;/title&gt;\n&lt;h1&gt;Not Found&lt;/h1&gt;\n&lt;p&gt;The requested URL was not found on the server. If you entered the URL manually please check your spelling and try again.&lt;/p&gt;\n&apos; = &lt;Response 232 bytes [404 NOT FOUND]&gt;.data

tests\test_posts.py:31: AssertionError</failure><system-out>--------------------------------- Captured Log ---------------------------------

--------------------------------- Captured Out ---------------------------------

</system-out><system-err>--------------------------------- Captured Err ---------------------------------

</system-err></testcase></testsuite></testsuites>