<?xml version="1.0" encoding="utf-8"?><testsuites><testsuite errors="0" failures="0" hostname="DESKTOP-N8A8A7H" name="pytest" skipped="0" tests="2" time="0.705" timestamp="2020-09-27T21:36:01.345748"><testcase classname="tests.test_posts" file="tests\test_posts.py" line="28" name="test_add_post_route" time="0.044"><system-out>--------------------------------- Captured Log ---------------------------------

--------------------------------- Captured Out ---------------------------------

</system-out><system-err>--------------------------------- Captured Err ---------------------------------

</system-err></testcase><testcase classname="tests.test_posts" file="tests\test_posts.py" line="16" name="test_index_route" time="0.004"><system-out>--------------------------------- Captured Log ---------------------------------

--------------------------------- Captured Out ---------------------------------

</system-out><system-err>--------------------------------- Captured Err ---------------------------------

</system-err></testcase></testsuite></testsuites>