<?xml version="1.0" encoding="utf-8"?><testsuites><testsuite errors="0" failures="0" hostname="DESKTOP-N8A8A7H" name="pytest" skipped="0" tests="1" time="0.714" timestamp="2020-09-27T21:20:57.615374"><testcase classname="tests.test_posts" file="tests\test_posts.py" line="15" name="test_index_route" time="0.074"><system-out>--------------------------------- Captured Log ---------------------------------

--------------------------------- Captured Out ---------------------------------

</system-out><system-err>--------------------------------- Captured Err ---------------------------------

</system-err></testcase></testsuite></testsuites>